<?xml version="1.0" encoding="UTF-8"?>
<!-- Generated by org.testng.reporters.JUnitReportReporter -->
<testsuite skipped="0" hostname="DESKTOP-BAELDDL" name="com.testCases.LoginTestCase" tests="1" failures="0" timestamp="30 Sep 2021 07:06:05 GMT" time="5.764" errors="0">
  <testcase name="login" time="5.764" classname="com.testCases.LoginTestCase"/>
</testsuite> <!-- com.testCases.LoginTestCase -->
